2023-01-23 04:15:11.926 [33mWARN [m[Thread-14] [36mcom.alibaba.nacos.common.http.HttpClientBeanHolder[m : [HttpClientBeanHolder] Start destroying common HttpClient
2023-01-23 04:15:11.926 [33mWARN [m[Thread-23] [36mcom.alibaba.nacos.common.notify.NotifyCenter[m : [NotifyCenter] Start destroying Publisher
2023-01-23 04:15:12.002 [33mWARN [m[Thread-23] [36mcom.alibaba.nacos.common.notify.NotifyCenter[m : [NotifyCenter] Destruction of the end
2023-01-23 04:15:12.002 [33mWARN [m[Thread-14] [36mcom.alibaba.nacos.common.http.HttpClientBeanHolder[m : [HttpClientBeanHolder] Destruction of the end
2023-01-23 04:20:20.100 [33mWARN [m[Thread-21] [36mcom.alibaba.nacos.common.notify.NotifyCenter[m : [NotifyCenter] Start destroying Publisher
2023-01-23 04:20:20.104 [33mWARN [m[Thread-21] [36mcom.alibaba.nacos.common.notify.NotifyCenter[m : [NotifyCenter] Destruction of the end
2023-01-23 04:20:20.101 [33mWARN [m[Thread-12] [36mcom.alibaba.nacos.common.http.HttpClientBeanHolder[m : [HttpClientBeanHolder] Start destroying common HttpClient
2023-01-23 04:20:20.136 [33mWARN [m[Thread-12] [36mcom.alibaba.nacos.common.http.HttpClientBeanHolder[m : [HttpClientBeanHolder] Destruction of the end
2023-01-23 04:20:47.595 [33mWARN [m[Thread-15] [36mcom.alibaba.nacos.common.http.HttpClientBeanHolder[m : [HttpClientBeanHolder] Start destroying common HttpClient
2023-01-23 04:20:47.596 [33mWARN [m[Thread-24] [36mcom.alibaba.nacos.common.notify.NotifyCenter[m : [NotifyCenter] Start destroying Publisher
2023-01-23 04:20:47.631 [33mWARN [m[Thread-15] [36mcom.alibaba.nacos.common.http.HttpClientBeanHolder[m : [HttpClientBeanHolder] Destruction of the end
2023-01-23 04:20:47.631 [33mWARN [m[Thread-24] [36mcom.alibaba.nacos.common.notify.NotifyCenter[m : [NotifyCenter] Destruction of the end
2023-01-23 04:24:59.044 [33mWARN [m[Thread-13] [36mcom.alibaba.nacos.common.http.HttpClientBeanHolder[m : [HttpClientBeanHolder] Start destroying common HttpClient
2023-01-23 04:24:59.045 [33mWARN [m[Thread-23] [36mcom.alibaba.nacos.common.notify.NotifyCenter[m : [NotifyCenter] Start destroying Publisher
2023-01-23 04:24:59.042 [33mWARN [m[mysql-development housekeeper] [36mcom.zaxxer.hikari.pool.HikariPool[m : mysql-development - Thread starvation or clock leap detected (housekeeper delta=1m48s366ms).
2023-01-23 04:24:59.073 [33mWARN [m[Thread-23] [36mcom.alibaba.nacos.common.notify.NotifyCenter[m : [NotifyCenter] Destruction of the end
2023-01-23 04:24:59.077 [33mWARN [m[Thread-13] [36mcom.alibaba.nacos.common.http.HttpClientBeanHolder[m : [HttpClientBeanHolder] Destruction of the end
2023-01-23 04:35:23.833 [33mWARN [m[Thread-17] [36mcom.alibaba.nacos.common.http.HttpClientBeanHolder[m : [HttpClientBeanHolder] Start destroying common HttpClient
2023-01-23 04:35:23.832 [33mWARN [m[Thread-26] [36mcom.alibaba.nacos.common.notify.NotifyCenter[m : [NotifyCenter] Start destroying Publisher
2023-01-23 04:35:23.842 [33mWARN [m[Thread-26] [36mcom.alibaba.nacos.common.notify.NotifyCenter[m : [NotifyCenter] Destruction of the end
2023-01-23 04:35:23.869 [33mWARN [m[Thread-17] [36mcom.alibaba.nacos.common.http.HttpClientBeanHolder[m : [HttpClientBeanHolder] Destruction of the end
